{"timestamp": "2026-07-03T12:03:24", "module": "diagnostics", "job_id": "N/A", "severity": "INFO", "message": "Diagnostics report saved", "elapsed_ms": 7894.28, "correlation_id": "146afc545317", "project_id": "572e1f357102", "run_id": "146afc545317", "thread_name": "MainThread"}
{"timestamp": "2026-07-03T12:03:24", "module": "diagnostics", "job_id": "N/A", "severity": "INFO", "message": "Diagnostics status: FAIL", "elapsed_ms": 7895.57, "correlation_id": "146afc545317", "project_id": "572e1f357102", "run_id": "146afc545317", "thread_name": "MainThread"}
{"timestamp": "2026-07-03T12:03:24", "module": "diagnostics", "job_id": "N/A", "severity": "INFO", "message": "ConfigValidator -> PASS", "elapsed_ms": 7895.96, "correlation_id": "146afc545317", "project_id": "572e1f357102", "run_id": "146afc545317", "thread_name": "MainThread"}
{"timestamp": "2026-07-03T12:03:24", "module": "diagnostics", "job_id": "N/A", "severity": "INFO", "message": "EnvironmentValidator -> PASS", "elapsed_ms": 7896.53, "correlation_id": "146afc545317", "project_id": "572e1f357102", "run_id": "146afc545317", "thread_name": "MainThread"}
{"timestamp": "2026-07-03T12:03:24", "module": "diagnostics", "job_id": "N/A", "severity": "INFO", "message": "DependencyValidator -> FAIL", "elapsed_ms": 7896.84, "correlation_id": "146afc545317", "project_id": "572e1f357102", "run_id": "146afc545317", "thread_name": "MainThread"}
{"timestamp": "2026-07-03T12:03:24", "module": "diagnostics", "job_id": "N/A", "severity": "INFO", "message": "GPUValidator -> FAIL", "elapsed_ms": 7897.14, "correlation_id": "146afc545317", "project_id": "572e1f357102", "run_id": "146afc545317", "thread_name": "MainThread"}
{"timestamp": "2026-07-03T12:03:24", "module": "diagnostics", "job_id": "N/A", "severity": "INFO", "message": "DiskValidator -> PASS", "elapsed_ms": 7897.42, "correlation_id": "146afc545317", "project_id": "572e1f357102", "run_id": "146afc545317", "thread_name": "MainThread"}
{"timestamp": "2026-07-03T12:03:24", "module": "diagnostics", "job_id": "N/A", "severity": "INFO", "message": "OutputValidator -> PASS", "elapsed_ms": 7897.67, "correlation_id": "146afc545317", "project_id": "572e1f357102", "run_id": "146afc545317", "thread_name": "MainThread"}
{"timestamp": "2026-07-03T12:03:24", "module": "diagnostics", "job_id": "N/A", "severity": "INFO", "message": "ManifestValidator -> PASS", "elapsed_ms": 7897.91, "correlation_id": "146afc545317", "project_id": "572e1f357102", "run_id": "146afc545317", "thread_name": "MainThread"}
{"timestamp": "2026-07-03T12:03:24", "module": "diagnostics", "job_id": "N/A", "severity": "INFO", "message": "CSVValidator -> PASS", "elapsed_ms": 7898.15, "correlation_id": "146afc545317", "project_id": "572e1f357102", "run_id": "146afc545317", "thread_name": "MainThread"}
{"timestamp": "2026-07-03T12:03:24", "module": "diagnostics", "job_id": "N/A", "severity": "INFO", "message": "ImageValidator -> FAIL", "elapsed_ms": 7898.39, "correlation_id": "146afc545317", "project_id": "572e1f357102", "run_id": "146afc545317", "thread_name": "MainThread"}
{"timestamp": "2026-07-03T12:03:24", "module": "diagnostics", "job_id": "N/A", "severity": "INFO", "message": "ModelAssetValidator -> PASS", "elapsed_ms": 7898.62, "correlation_id": "146afc545317", "project_id": "572e1f357102", "run_id": "146afc545317", "thread_name": "MainThread"}
{"timestamp": "2026-07-03T12:21:57", "module": "diagnostics", "job_id": "N/A", "severity": "INFO", "message": "Diagnostics report saved", "elapsed_ms": 5973.09, "correlation_id": "bb020487ac34", "project_id": "49414100a71c", "run_id": "bb020487ac34", "thread_name": "MainThread"}
{"timestamp": "2026-07-03T12:21:57", "module": "diagnostics", "job_id": "N/A", "severity": "INFO", "message": "Diagnostics status: FAIL", "elapsed_ms": 5973.84, "correlation_id": "bb020487ac34", "project_id": "49414100a71c", "run_id": "bb020487ac34", "thread_name": "MainThread"}
{"timestamp": "2026-07-03T12:21:57", "module": "diagnostics", "job_id": "N/A", "severity": "INFO", "message": "ConfigValidator -> PASS", "elapsed_ms": 5974.28, "correlation_id": "bb020487ac34", "project_id": "49414100a71c", "run_id": "bb020487ac34", "thread_name": "MainThread"}
{"timestamp": "2026-07-03T12:21:57", "module": "diagnostics", "job_id": "N/A", "severity": "INFO", "message": "EnvironmentValidator -> PASS", "elapsed_ms": 5974.78, "correlation_id": "bb020487ac34", "project_id": "49414100a71c", "run_id": "bb020487ac34", "thread_name": "MainThread"}
{"timestamp": "2026-07-03T12:21:57", "module": "diagnostics", "job_id": "N/A", "severity": "INFO", "message": "DependencyValidator -> FAIL", "elapsed_ms": 5975.2, "correlation_id": "bb020487ac34", "project_id": "49414100a71c", "run_id": "bb020487ac34", "thread_name": "MainThread"}
{"timestamp": "2026-07-03T12:21:57", "module": "diagnostics", "job_id": "N/A", "severity": "INFO", "message": "GPUValidator -> FAIL", "elapsed_ms": 5975.59, "correlation_id": "bb020487ac34", "project_id": "49414100a71c", "run_id": "bb020487ac34", "thread_name": "MainThread"}
{"timestamp": "2026-07-03T12:21:57", "module": "diagnostics", "job_id": "N/A", "severity": "INFO", "message": "DiskValidator -> PASS", "elapsed_ms": 5975.99, "correlation_id": "bb020487ac34", "project_id": "49414100a71c", "run_id": "bb020487ac34", "thread_name": "MainThread"}
{"timestamp": "2026-07-03T12:21:57", "module": "diagnostics", "job_id": "N/A", "severity": "INFO", "message": "OutputValidator -> PASS", "elapsed_ms": 5976.36, "correlation_id": "bb020487ac34", "project_id": "49414100a71c", "run_id": "bb020487ac34", "thread_name": "MainThread"}
{"timestamp": "2026-07-03T12:21:57", "module": "diagnostics", "job_id": "N/A", "severity": "INFO", "message": "ManifestValidator -> PASS", "elapsed_ms": 5976.74, "correlation_id": "bb020487ac34", "project_id": "49414100a71c", "run_id": "bb020487ac34", "thread_name": "MainThread"}
{"timestamp": "2026-07-03T12:21:57", "module": "diagnostics", "job_id": "N/A", "severity": "INFO", "message": "CSVValidator -> PASS", "elapsed_ms": 5977.13, "correlation_id": "bb020487ac34", "project_id": "49414100a71c", "run_id": "bb020487ac34", "thread_name": "MainThread"}
{"timestamp": "2026-07-03T12:21:57", "module": "diagnostics", "job_id": "N/A", "severity": "INFO", "message": "ImageValidator -> FAIL", "elapsed_ms": 5978.27, "correlation_id": "bb020487ac34", "project_id": "49414100a71c", "run_id": "bb020487ac34", "thread_name": "MainThread"}
{"timestamp": "2026-07-03T12:21:57", "module": "diagnostics", "job_id": "N/A", "severity": "INFO", "message": "ModelAssetValidator -> PASS", "elapsed_ms": 5979.1, "correlation_id": "bb020487ac34", "project_id": "49414100a71c", "run_id": "bb020487ac34", "thread_name": "MainThread"}
